<?xml version="1.0" encoding="UTF-8"?>
<!-- Generated by org.testng.reporters.JUnitReportReporter -->
<testsuite hostname="Ranjithas-MacBook-Air.local" failures="0" tests="1" name="AppiumTest.IOSAppium.IOSLongPress" time="6.543" errors="0" timestamp="21 Nov 2023 16:58:40 GMT" skipped="0">
  <testcase classname="AppiumTest.IOSAppium.IOSLongPress" name="longPress" time="6.543"/>
</testsuite> <!-- AppiumTest.IOSAppium.IOSLongPress -->
