<?xml version="1.0" encoding="UTF-8"?>
<!-- Generated by org.testng.reporters.JUnitReportReporter -->
<testsuite hostname="Ranjithas-MacBook-Air.local" failures="0" tests="1" name="AppiumTest.AndroidAppium.DragAction" time="6.969" errors="0" timestamp="21 Nov 2023 10:58:14 GMT" skipped="0">
  <testcase classname="AppiumTest.AndroidAppium.DragAction" name="dragAndDrop" time="6.969"/>
</testsuite> <!-- AppiumTest.AndroidAppium.DragAction -->
