<?xml version="1.0" encoding="UTF-8"?>
<!-- Generated by org.testng.reporters.JUnitReportReporter -->
<testsuite hostname="Ranjithas-MacBook-Air.local" failures="0" tests="1" name="AppiumTest.AndroidAppium.Miscellaneous" time="11.102" errors="0" timestamp="21 Nov 2023 11:12:11 GMT" skipped="0">
  <testcase classname="AppiumTest.AndroidAppium.Miscellaneous" name="dragAndDrop" time="11.102"/>
</testsuite> <!-- AppiumTest.AndroidAppium.Miscellaneous -->
