<?xml version="1.0" encoding="UTF-8"?>
<!-- Generated by org.testng.reporters.JUnitReportReporter -->
<testsuite hostname="Ranjithas-MacBook-Air.local" failures="0" tests="1" name="AppiumTest.AndroidAppium.SwipeAction" time="8.166" errors="0" timestamp="21 Nov 2023 10:33:56 GMT" skipped="0">
  <testcase classname="AppiumTest.AndroidAppium.SwipeAction" name="longPress" time="8.166"/>
</testsuite> <!-- AppiumTest.AndroidAppium.SwipeAction -->
