<?xml version="1.0" encoding="UTF-8"?>
<!-- Generated by org.testng.reporters.JUnitReportReporter -->
<testsuite hostname="Ranjithas-MacBook-Air.local" failures="0" tests="1" name="AppiumTest.AndroidAppium.ScrollAction" time="29.949" errors="0" timestamp="21 Nov 2023 09:16:39 GMT" skipped="0">
  <testcase classname="AppiumTest.AndroidAppium.ScrollAction" name="longPress" time="29.949"/>
</testsuite> <!-- AppiumTest.AndroidAppium.ScrollAction -->
