<?xml version="1.0" encoding="UTF-8"?>
<!-- Generated by org.testng.reporters.JUnitReportReporter -->
<testsuite hostname="Ranjithas-MacBook-Air.local" failures="0" tests="1" name="AppiumTest.AndroidAppium.LongPress" time="25.768" errors="0" timestamp="21 Nov 2023 08:22:40 GMT" skipped="0">
  <testcase classname="AppiumTest.AndroidAppium.LongPress" name="longPress" time="25.768"/>
</testsuite> <!-- AppiumTest.AndroidAppium.LongPress -->
