<?xml version="1.0" encoding="UTF-8"?>
<!-- Generated by org.testng.reporters.JUnitReportReporter -->
<testsuite hostname="Ranjithas-MacBook-Air.local" failures="0" tests="1" name="AppiumTest.AndroidAppium.AppiumAndroidTest" time="7.013" errors="0" timestamp="21 Nov 2023 07:36:53 GMT" skipped="0">
  <testcase classname="AppiumTest.AndroidAppium.AppiumAndroidTest" name="wifiSettingsTest" time="7.013"/>
</testsuite> <!-- AppiumTest.AndroidAppium.AppiumAndroidTest -->
